1.0
_charged5_initvel1small
Generating 10000 training simulations
/home/amanolache/projects/ConstrainedEquivariance/Steerable-E3-GNN/nbody/dataset/synthetic_sim.py:274: RuntimeWarning: invalid value encountered in power
  l2_dist_power3 = np.power(
Iter: 0, Simulation time: 0.1211388111114502
/home/amanolache/projects/ConstrainedEquivariance/Steerable-E3-GNN/nbody/dataset/synthetic_sim.py:244: RuntimeWarning: invalid value encountered in power
  l2_dist_power3 = np.power(
Iter: 100, Simulation time: 0.11121225357055664
Iter: 200, Simulation time: 0.11128664016723633
Iter: 300, Simulation time: 0.1118171215057373
Iter: 400, Simulation time: 0.11112618446350098
Iter: 500, Simulation time: 0.1109781265258789
Iter: 600, Simulation time: 0.1105656623840332
Iter: 700, Simulation time: 0.1107032299041748
Iter: 800, Simulation time: 0.11060976982116699
Iter: 900, Simulation time: 0.11106348037719727
Iter: 1000, Simulation time: 0.1111757755279541
Iter: 1100, Simulation time: 0.11145377159118652
Iter: 1200, Simulation time: 0.11022067070007324
Iter: 1300, Simulation time: 0.11106586456298828
Iter: 1400, Simulation time: 0.11066508293151855
Iter: 1500, Simulation time: 0.11124110221862793
Iter: 1600, Simulation time: 0.11050653457641602
Iter: 1700, Simulation time: 0.11083984375
Iter: 1800, Simulation time: 0.11123871803283691
Iter: 1900, Simulation time: 0.11124944686889648
Iter: 2000, Simulation time: 0.11183452606201172
Iter: 2100, Simulation time: 0.11135649681091309
Iter: 2200, Simulation time: 0.11030054092407227
Iter: 2300, Simulation time: 0.11092066764831543
Iter: 2400, Simulation time: 0.11064887046813965
Iter: 2500, Simulation time: 0.11040425300598145
Iter: 2600, Simulation time: 0.11151242256164551
Iter: 2700, Simulation time: 0.11069273948669434
Iter: 2800, Simulation time: 0.11016535758972168
Iter: 2900, Simulation time: 0.11095309257507324
Iter: 3000, Simulation time: 0.11134076118469238
Iter: 3100, Simulation time: 0.11159586906433105
Iter: 3200, Simulation time: 0.1110231876373291
Iter: 3300, Simulation time: 0.11116170883178711
Iter: 3400, Simulation time: 0.11108016967773438
Iter: 3500, Simulation time: 0.11030387878417969
Iter: 3600, Simulation time: 0.11076545715332031
Iter: 3700, Simulation time: 0.1116342544555664
Iter: 3800, Simulation time: 0.11190557479858398
Iter: 3900, Simulation time: 0.11099576950073242
Iter: 4000, Simulation time: 0.11164736747741699
Iter: 4100, Simulation time: 0.11103391647338867
Iter: 4200, Simulation time: 0.11046576499938965
Iter: 4300, Simulation time: 0.11050939559936523
Iter: 4400, Simulation time: 0.11088800430297852
Iter: 4500, Simulation time: 0.10953426361083984
Iter: 4600, Simulation time: 0.11057066917419434
Iter: 4700, Simulation time: 0.11109685897827148
Iter: 4800, Simulation time: 0.11069369316101074
Iter: 4900, Simulation time: 0.1106412410736084
Iter: 5000, Simulation time: 0.11001443862915039
Iter: 5100, Simulation time: 0.11022567749023438
Iter: 5200, Simulation time: 0.11085057258605957
Iter: 5300, Simulation time: 0.11136436462402344
Iter: 5400, Simulation time: 0.10991597175598145
Iter: 5500, Simulation time: 0.11098074913024902
Iter: 5600, Simulation time: 0.10996842384338379
Iter: 5700, Simulation time: 0.11108088493347168
Iter: 5800, Simulation time: 0.11088132858276367
Iter: 5900, Simulation time: 0.11165928840637207
Iter: 6000, Simulation time: 0.11091732978820801
Iter: 6100, Simulation time: 0.11069440841674805
Iter: 6200, Simulation time: 0.11115360260009766
Iter: 6300, Simulation time: 0.11117386817932129
Iter: 6400, Simulation time: 0.11066842079162598
Iter: 6500, Simulation time: 0.11093664169311523
Iter: 6600, Simulation time: 0.1102607250213623
Iter: 6700, Simulation time: 0.11091470718383789
Iter: 6800, Simulation time: 0.1100304126739502
Iter: 6900, Simulation time: 0.11059355735778809
Iter: 7000, Simulation time: 0.11005020141601562
Iter: 7100, Simulation time: 0.11044526100158691
Iter: 7200, Simulation time: 0.11023283004760742
Iter: 7300, Simulation time: 0.11133146286010742
Iter: 7400, Simulation time: 0.11115431785583496
Iter: 7500, Simulation time: 0.10985302925109863
Iter: 7600, Simulation time: 0.11069083213806152
Iter: 7700, Simulation time: 0.11033773422241211
Iter: 7800, Simulation time: 0.11110472679138184
Iter: 7900, Simulation time: 0.11075401306152344
Iter: 8000, Simulation time: 0.11189627647399902
Iter: 8100, Simulation time: 0.11015129089355469
Iter: 8200, Simulation time: 0.11050176620483398
Iter: 8300, Simulation time: 0.11105203628540039
Iter: 8400, Simulation time: 0.11211943626403809
Iter: 8500, Simulation time: 0.11077523231506348
Iter: 8600, Simulation time: 0.11086010932922363
Iter: 8700, Simulation time: 0.11034512519836426
Iter: 8800, Simulation time: 0.11068105697631836
Iter: 8900, Simulation time: 0.11067342758178711
Iter: 9000, Simulation time: 0.1110837459564209
Iter: 9100, Simulation time: 0.11073589324951172
Iter: 9200, Simulation time: 0.11026477813720703
Iter: 9300, Simulation time: 0.11084699630737305
Iter: 9400, Simulation time: 0.11087465286254883
Iter: 9500, Simulation time: 0.11116981506347656
Iter: 9600, Simulation time: 0.11097192764282227
Iter: 9700, Simulation time: 0.11111879348754883
Iter: 9800, Simulation time: 0.11131095886230469
Iter: 9900, Simulation time: 0.11085104942321777
Generating 2000 validation simulations
Iter: 0, Simulation time: 0.11372661590576172
Iter: 100, Simulation time: 0.11239242553710938
Iter: 200, Simulation time: 0.11219453811645508
Iter: 300, Simulation time: 0.11104369163513184
Iter: 400, Simulation time: 0.11185646057128906
Iter: 500, Simulation time: 0.11075568199157715
Iter: 600, Simulation time: 0.11114931106567383
Iter: 700, Simulation time: 0.11145758628845215
Iter: 800, Simulation time: 0.11098265647888184
Iter: 900, Simulation time: 0.11163020133972168
Iter: 1000, Simulation time: 0.11229515075683594
Iter: 1100, Simulation time: 0.11158895492553711
Iter: 1200, Simulation time: 0.11142587661743164
Iter: 1300, Simulation time: 0.11233067512512207
Iter: 1400, Simulation time: 0.11155891418457031
Iter: 1500, Simulation time: 0.1123816967010498
Iter: 1600, Simulation time: 0.11167168617248535
Iter: 1700, Simulation time: 0.11156320571899414
Iter: 1800, Simulation time: 0.11184859275817871
Iter: 1900, Simulation time: 0.11101555824279785
Generating 2000 test simulations
Iter: 0, Simulation time: 0.11229968070983887
Iter: 100, Simulation time: 0.11187005043029785
Iter: 200, Simulation time: 0.11169028282165527
Iter: 300, Simulation time: 0.11284589767456055
Iter: 400, Simulation time: 0.1116478443145752
Iter: 500, Simulation time: 0.11215949058532715
Iter: 600, Simulation time: 0.11184120178222656
Iter: 700, Simulation time: 0.11348223686218262
Iter: 800, Simulation time: 0.11175727844238281
Iter: 900, Simulation time: 0.11206936836242676
Iter: 1000, Simulation time: 0.11144065856933594
Iter: 1100, Simulation time: 0.1118171215057373
Iter: 1200, Simulation time: 0.11128401756286621
Iter: 1300, Simulation time: 0.11172342300415039
Iter: 1400, Simulation time: 0.11087489128112793
Iter: 1500, Simulation time: 0.11222553253173828
Iter: 1600, Simulation time: 0.1109764575958252
Iter: 1700, Simulation time: 0.11167716979980469
Iter: 1800, Simulation time: 0.1113741397857666
Iter: 1900, Simulation time: 0.11196494102478027
